[LOG] System::create                           : Header version = 1.10.12. Current version = 1.10.12.
[LOG] Manager::init                            : maxchannels = 256 studioflags = 00000006 flags 00000000 extradriverdata 0000000000000000.
[LOG] SystemI::init                            : Initialize version=11012 (101101), maxchannels=256, flags=0x00020000
[LOG] SystemI::setOutputInternal               : Setting output to 'FMOD WASAPI Output'
[LOG] OutputWASAPI::init                       : Mix Format (WAVEFORMATEX): wFormatTag=0xFFFE, nChannels=2, nSamplesPerSec=48000, nAvgBytesPerSec=384000, nBlockAlign=8, wBitsPerSample=32, cbSize=22.
[LOG] OutputWASAPI::init                       : Mix Format (WAVEFORMATEXTENSIBLE): wValidBitsPerSample=32, dwChannelMask=0x00000003, SubFormat=00000003-0000-0010-8000-00AA00389B71.
[LOG] OutputWASAPI::init                       : Output buffer size: 4096 samples, latency: 0.00ms, period: 10.00ms, DSP buffer: 1024 * 4
[LOG] Thread::initThread                       : Init FMOD stream thread. Priority: 2, Stack Size: 65536, Semaphore: No, Sleep Time: 10, Looping: Yes.
[LOG] Thread::initThread                       : Init FMOD mixer thread. Priority: 3, Stack Size: 49152, Semaphore: No, Sleep Time: 0, Looping: Yes.
[LOG] AsyncManager::init                       : manager 000001EF27ED8718 isAsync 0 updatePeriod 0.02
[LOG] AsyncManager::init                       : done
[LOG] PlaybackSystem::init                     : 
[LOG] Thread::initThread                       : Init FMOD Studio sample load thread. Priority: 0, Stack Size: 65536, Semaphore: No, Sleep Time: 1, Looping: No.
[LOG] PlaybackSystem::init                     : done
[LOG] Thread::initThread                       : Init FMOD Studio bank load thread. Priority: 0, Stack Size: 65536, Semaphore: No, Sleep Time: 1, Looping: No.
[LOG] Manager::init                            : done.
[LOG] Manager::readBank                        : fileversion = 103, compatVersion = 99 (oldest = 44, newest = 103)
[LOG] SystemI::createSoundInternal             : Create name='', mode=0x02000202
[LOG] SystemI::createSoundInternal             : exinfo->cbsize             = 232
[LOG] SystemI::createSoundInternal             : exinfo->length             = 5116096
[LOG] SystemI::createSoundInternal             : exinfo->fileoffset         = 113952
[LOG] SystemI::createSoundInternal             : exinfo->numsubsounds       = 1
[LOG] SystemI::createSoundInternal             : exinfo->inclusionlist      = 0000008B8AF1F3EC
[LOG] SystemI::createSoundInternal             : exinfo->inclusionlistnum   = 1
[LOG] SystemI::createSoundInternal             : exinfo->suggestedsoundtype = 5
[LOG] SystemI::createSoundInternal             : exinfo->useropen           = 00007FFA2C2C0D70
[LOG] SystemI::createSoundInternal             : exinfo->userclose          = 00007FFA2C2C0D40
[LOG] SystemI::createSoundInternal             : exinfo->userread           = 00007FFA2C2C0E40
[LOG] SystemI::createSoundInternal             : exinfo->userseek           = 00007FFA2C2C0F00
[LOG] SystemI::createSoundInternal             : exinfo->fileuserdata       = 000001EF1AC25088
[LOG] SystemI::createSoundInternal             : exinfo->initialseekpostype = 1
[LOG] SystemI::DSPCodecPoolRegister            : register codec pool for pool type 5
[LOG] SystemI::createSoundInternal             : Sample 0/1: name='sword-slash1', format=2, channels=2, frequency=48000, lengthbytes=14880, lengthpcm=51840, pcmblocksize=0, loopstart=0, loopend=0, mode=0x00000000, channelmask=0x00000000, channelorder=0, peakvolume=0.927734.
[LOG] SystemI::createSoundInternal             : Create name='', mode=0x02000202
[LOG] SystemI::createSoundInternal             : exinfo->cbsize             = 232
[LOG] SystemI::createSoundInternal             : exinfo->length             = 5116096
[LOG] SystemI::createSoundInternal             : exinfo->fileoffset         = 113952
[LOG] SystemI::createSoundInternal             : exinfo->numsubsounds       = 1
[LOG] SystemI::createSoundInternal             : exinfo->inclusionlist      = 0000008B8AF1F3EC
[LOG] SystemI::createSoundInternal             : exinfo->inclusionlistnum   = 1
[LOG] SystemI::createSoundInternal             : exinfo->suggestedsoundtype = 5
[LOG] SystemI::createSoundInternal             : exinfo->useropen           = 00007FFA2C2C0D70
[LOG] SystemI::createSoundInternal             : exinfo->userclose          = 00007FFA2C2C0D40
[LOG] SystemI::createSoundInternal             : exinfo->userread           = 00007FFA2C2C0E40
[LOG] SystemI::createSoundInternal             : exinfo->userseek           = 00007FFA2C2C0F00
[LOG] SystemI::createSoundInternal             : exinfo->fileuserdata       = 000001EF1AC25088
[LOG] SystemI::createSoundInternal             : exinfo->initialseekpostype = 1
[LOG] SystemI::DSPCodecPoolRegister            : register codec pool for pool type 5
[LOG] SystemI::createSoundInternal             : Sample 0/1: name='sword-clash1', format=2, channels=2, frequency=48000, lengthbytes=14784, lengthpcm=44928, pcmblocksize=0, loopstart=0, loopend=0, mode=0x00000000, channelmask=0x00000000, channelorder=0, peakvolume=0.894318.
[LOG] SystemI::createSoundInternal             : Create name='', mode=0x02000202
[LOG] SystemI::createSoundInternal             : exinfo->cbsize             = 232
[LOG] SystemI::createSoundInternal             : exinfo->length             = 5116096
[LOG] SystemI::createSoundInternal             : exinfo->fileoffset         = 113952
[LOG] SystemI::createSoundInternal             : exinfo->numsubsounds       = 1
[LOG] SystemI::createSoundInternal             : exinfo->inclusionlist      = 0000008B8AF1F3EC
[LOG] SystemI::createSoundInternal             : exinfo->inclusionlistnum   = 1
[LOG] SystemI::createSoundInternal             : exinfo->suggestedsoundtype = 5
[LOG] SystemI::createSoundInternal             : exinfo->useropen           = 00007FFA2C2C0D70
[LOG] SystemI::createSoundInternal             : exinfo->userclose          = 00007FFA2C2C0D40
[LOG] SystemI::createSoundInternal             : exinfo->userread           = 00007FFA2C2C0E40
[LOG] SystemI::createSoundInternal             : exinfo->userseek           = 00007FFA2C2C0F00
[LOG] SystemI::createSoundInternal             : exinfo->fileuserdata       = 000001EF1AC25088
[LOG] SystemI::createSoundInternal             : exinfo->initialseekpostype = 1
[LOG] SystemI::DSPCodecPoolRegister            : register codec pool for pool type 5
[LOG] SystemI::createSoundInternal             : Sample 0/1: name='Throw Weapon 6', format=2, channels=2, frequency=48000, lengthbytes=2336, lengthpcm=28848, pcmblocksize=0, loopstart=0, loopend=0, mode=0x00000000, channelmask=0x00000000, channelorder=0, peakvolume=0.917542.
[LOG] SystemI::createSoundInternal             : Create name='', mode=0x02000202
[LOG] SystemI::createSoundInternal             : exinfo->cbsize             = 232
[LOG] SystemI::createSoundInternal             : exinfo->length             = 5116096
[LOG] SystemI::createSoundInternal             : exinfo->fileoffset         = 113952
[LOG] SystemI::createSoundInternal             : exinfo->numsubsounds       = 1
[LOG] SystemI::createSoundInternal             : exinfo->inclusionlist      = 0000008B8AF1F3EC
[LOG] SystemI::createSoundInternal             : exinfo->inclusionlistnum   = 1
[LOG] SystemI::createSoundInternal             : exinfo->suggestedsoundtype = 5
[LOG] SystemI::createSoundInternal             : exinfo->useropen           = 00007FFA2C2C0D70
[LOG] SystemI::createSoundInternal             : exinfo->userclose          = 00007FFA2C2C0D40
[LOG] SystemI::createSoundInternal             : exinfo->userread           = 00007FFA2C2C0E40
[LOG] SystemI::createSoundInternal             : exinfo->userseek           = 00007FFA2C2C0F00
[LOG] SystemI::createSoundInternal             : exinfo->fileuserdata       = 000001EF1AC25088
[LOG] SystemI::createSoundInternal             : exinfo->initialseekpostype = 1
[LOG] SystemI::DSPCodecPoolRegister            : register codec pool for pool type 5
[LOG] SystemI::createSoundInternal             : Sample 0/1: name='Throw Weapon 2', format=2, channels=2, frequency=48000, lengthbytes=5152, lengthpcm=20649, pcmblocksize=0, loopstart=0, loopend=0, mode=0x00000000, channelmask=0x00000000, channelorder=0, peakvolume=0.627625.
[LOG] SystemI::createSoundInternal             : Create name='', mode=0x02000202
[LOG] SystemI::createSoundInternal             : exinfo->cbsize             = 232
[LOG] SystemI::createSoundInternal             : exinfo->length             = 5116096
[LOG] SystemI::createSoundInternal             : exinfo->fileoffset         = 113952
[LOG] SystemI::createSoundInternal             : exinfo->numsubsounds       = 1
[LOG] SystemI::createSoundInternal             : exinfo->inclusionlist      = 0000008B8AF1F3EC
[LOG] SystemI::createSoundInternal             : exinfo->inclusionlistnum   = 1
[LOG] SystemI::createSoundInternal             : exinfo->suggestedsoundtype = 5
[LOG] SystemI::createSoundInternal             : exinfo->useropen           = 00007FFA2C2C0D70
[LOG] SystemI::createSoundInternal             : exinfo->userclose          = 00007FFA2C2C0D40
[LOG] SystemI::createSoundInternal             : exinfo->userread           = 00007FFA2C2C0E40
[LOG] SystemI::createSoundInternal             : exinfo->userseek           = 00007FFA2C2C0F00
[LOG] SystemI::createSoundInternal             : exinfo->fileuserdata       = 000001EF1AC25088
[LOG] SystemI::createSoundInternal             : exinfo->initialseekpostype = 1
[LOG] SystemI::DSPCodecPoolRegister            : register codec pool for pool type 5
[LOG] SystemI::createSoundInternal             : Sample 0/1: name='Throw Weapon 5', format=2, channels=2, frequency=48000, lengthbytes=3456, lengthpcm=28848, pcmblocksize=0, loopstart=0, loopend=0, mode=0x00000000, channelmask=0x00000000, channelorder=0, peakvolume=0.721283.
[LOG] SystemI::createSoundInternal             : Create name='', mode=0x02000202
[LOG] SystemI::createSoundInternal             : exinfo->cbsize             = 232
[LOG] SystemI::createSoundInternal             : exinfo->length             = 5116096
[LOG] SystemI::createSoundInternal             : exinfo->fileoffset         = 113952
[LOG] SystemI::createSoundInternal             : exinfo->numsubsounds       = 1
[LOG] SystemI::createSoundInternal             : exinfo->inclusionlist      = 0000008B8AF1F3EC
[LOG] SystemI::createSoundInternal             : exinfo->inclusionlistnum   = 1
[LOG] SystemI::createSoundInternal             : exinfo->suggestedsoundtype = 5
[LOG] SystemI::createSoundInternal             : exinfo->useropen           = 00007FFA2C2C0D70
[LOG] SystemI::createSoundInternal             : exinfo->userclose          = 00007FFA2C2C0D40
[LOG] SystemI::createSoundInternal             : exinfo->userread           = 00007FFA2C2C0E40
[LOG] SystemI::createSoundInternal             : exinfo->userseek           = 00007FFA2C2C0F00
[LOG] SystemI::createSoundInternal             : exinfo->fileuserdata       = 000001EF1AC26948
[LOG] SystemI::createSoundInternal             : exinfo->initialseekpostype = 1
[LOG] SystemI::DSPCodecPoolRegister            : register codec pool for pool type 5
[LOG] SystemI::createSoundInternal             : Sample 0/1: name='342231__christopherderp__hurt-3-male', format=2, channels=2, frequency=48000, lengthbytes=2656, lengthpcm=11040, pcmblocksize=0, loopstart=0, loopend=0, mode=0x00000000, channelmask=0x00000000, channelorder=0, peakvolume=0.293732.
[LOG] SystemI::createSoundInternal             : Create name='', mode=0x02000202
[LOG] SystemI::createSoundInternal             : exinfo->cbsize             = 232
[LOG] SystemI::createSoundInternal             : exinfo->length             = 5116096
[LOG] SystemI::createSoundInternal             : exinfo->fileoffset         = 113952
[LOG] SystemI::createSoundInternal             : exinfo->numsubsounds       = 1
[LOG] SystemI::createSoundInternal             : exinfo->inclusionlist      = 0000008B8AF1F3EC
[LOG] SystemI::createSoundInternal             : exinfo->inclusionlistnum   = 1
[LOG] SystemI::createSoundInternal             : exinfo->suggestedsoundtype = 5
[LOG] SystemI::createSoundInternal             : exinfo->useropen           = 00007FFA2C2C0D70
[LOG] SystemI::createSoundInternal             : exinfo->userclose          = 00007FFA2C2C0D40
[LOG] SystemI::createSoundInternal             : exinfo->userread           = 00007FFA2C2C0E40
[LOG] SystemI::createSoundInternal             : exinfo->userseek           = 00007FFA2C2C0F00
[LOG] SystemI::createSoundInternal             : exinfo->fileuserdata       = 000001EF1AC26948
[LOG] SystemI::createSoundInternal             : exinfo->initialseekpostype = 1
[LOG] SystemI::DSPCodecPoolRegister            : register codec pool for pool type 5
[LOG] SystemI::createSoundInternal             : Sample 0/1: name='Player Hurt', format=2, channels=2, frequency=48000, lengthbytes=11968, lengthpcm=41999, pcmblocksize=0, loopstart=0, loopend=0, mode=0x00000000, channelmask=0x00000000, channelorder=0, peakvolume=0.849274.
[LOG] SystemI::createSoundInternal             : Create name='', mode=0x02000202
[LOG] SystemI::createSoundInternal             : exinfo->cbsize             = 232
[LOG] SystemI::createSoundInternal             : exinfo->length             = 5116096
[LOG] SystemI::createSoundInternal             : exinfo->fileoffset         = 113952
[LOG] SystemI::createSoundInternal             : exinfo->numsubsounds       = 1
[LOG] SystemI::createSoundInternal             : exinfo->inclusionlist      = 0000008B8AF1F3EC
[LOG] SystemI::createSoundInternal             : exinfo->inclusionlistnum   = 1
[LOG] SystemI::createSoundInternal             : exinfo->suggestedsoundtype = 5
[LOG] SystemI::createSoundInternal             : exinfo->useropen           = 00007FFA2C2C0D70
[LOG] SystemI::createSoundInternal             : exinfo->userclose          = 00007FFA2C2C0D40
[LOG] SystemI::createSoundInternal             : exinfo->userread           = 00007FFA2C2C0E40
[LOG] SystemI::createSoundInternal             : exinfo->userseek           = 00007FFA2C2C0F00
[LOG] SystemI::createSoundInternal             : exinfo->fileuserdata       = 000001EF1AC26948
[LOG] SystemI::createSoundInternal             : exinfo->initialseekpostype = 1
[LOG] SystemI::DSPCodecPoolRegister            : register codec pool for pool type 5
[LOG] SystemI::createSoundInternal             : Sample 0/1: name='342230__christopherderp__hurt-2-male', format=2, channels=2, frequency=48000, lengthbytes=4320, lengthpcm=18240, pcmblocksize=0, loopstart=0, loopend=0, mode=0x00000000, channelmask=0x00000000, channelorder=0, peakvolume=0.230225.
[LOG] Manager::readBank                        : fileversion = 103, compatVersion = 99 (oldest = 44, newest = 103)
[LOG] SystemI::createSoundInternal             : Create name='', mode=0x02000202
[LOG] SystemI::createSoundInternal             : exinfo->cbsize             = 232
[LOG] SystemI::createSoundInternal             : exinfo->length             = 5116096
[LOG] SystemI::createSoundInternal             : exinfo->fileoffset         = 113952
[LOG] SystemI::createSoundInternal             : exinfo->numsubsounds       = 1
[LOG] SystemI::createSoundInternal             : exinfo->inclusionlist      = 0000008B8AF1F3EC
[LOG] SystemI::createSoundInternal             : exinfo->inclusionlistnum   = 1
[LOG] SystemI::createSoundInternal             : exinfo->suggestedsoundtype = 5
[LOG] SystemI::createSoundInternal             : exinfo->useropen           = 00007FFA2C2C0D70
[LOG] SystemI::createSoundInternal             : exinfo->userclose          = 00007FFA2C2C0D40
[LOG] SystemI::createSoundInternal             : exinfo->userread           = 00007FFA2C2C0E40
[LOG] SystemI::createSoundInternal             : exinfo->userseek           = 00007FFA2C2C0F00
[LOG] SystemI::createSoundInternal             : exinfo->fileuserdata       = 000001EF1AC254A8
[LOG] SystemI::createSoundInternal             : exinfo->initialseekpostype = 1
[LOG] SystemI::DSPCodecPoolRegister            : register codec pool for pool type 5
[LOG] SystemI::createSoundInternal             : Sample 0/1: name='heart1', format=2, channels=2, frequency=48000, lengthbytes=44672, lengthpcm=188928, pcmblocksize=0, loopstart=0, loopend=0, mode=0x00000000, channelmask=0x00000000, channelorder=0, peakvolume=0.878418.
[LOG] SystemI::createSoundInternal             : Create name='', mode=0x02000202
[LOG] SystemI::createSoundInternal             : exinfo->cbsize             = 232
[LOG] SystemI::createSoundInternal             : exinfo->length             = 5116096
[LOG] SystemI::createSoundInternal             : exinfo->fileoffset         = 113952
[LOG] SystemI::createSoundInternal             : exinfo->numsubsounds       = 1
[LOG] SystemI::createSoundInternal             : exinfo->inclusionlist      = 0000008B8AF1F3EC
[LOG] SystemI::createSoundInternal             : exinfo->inclusionlistnum   = 1
[LOG] SystemI::createSoundInternal             : exinfo->suggestedsoundtype = 5
[LOG] SystemI::createSoundInternal             : exinfo->useropen           = 00007FFA2C2C0D70
[LOG] SystemI::createSoundInternal             : exinfo->userclose          = 00007FFA2C2C0D40
[LOG] SystemI::createSoundInternal             : exinfo->userread           = 00007FFA2C2C0E40
[LOG] SystemI::createSoundInternal             : exinfo->userseek           = 00007FFA2C2C0F00
[LOG] SystemI::createSoundInternal             : exinfo->fileuserdata       = 000001EF1AC254A8
[LOG] SystemI::createSoundInternal             : exinfo->initialseekpostype = 1
[LOG] SystemI::DSPCodecPoolRegister            : register codec pool for pool type 5
[LOG] SystemI::createSoundInternal             : Sample 0/1: name='Negative alert x1', format=2, channels=2, frequency=48000, lengthbytes=12672, lengthpcm=96000, pcmblocksize=0, loopstart=0, loopend=0, mode=0x00000000, channelmask=0x00000000, channelorder=0, peakvolume=0.834045.
[LOG] Manager::readBank                        : fileversion = 103, compatVersion = 99 (oldest = 44, newest = 103)
[LOG] AsyncThread::threadFunc                  : Starting Asynchronous operation on sound 000001EF22081098
[LOG] AsyncThread::threadFunc                  : Finished Asynchronous operation on sound 000001EF22081098
[LOG] SoundI::release                          : 22111030_dark-synth-retrowave_by_jiltedgeneration_preview (000001EF350B1F18)
[LOG] SoundI::release                          :     22111030_dark-synth-retrowave_by_jiltedgeneration_preview (000001EF223BD758)
[LOG] SoundI::release                          :     22111030_dark-synth-retrowave_by_jiltedgeneration_preview (000001EF22081098)
[LOG] SoundI::release                          :  (000001EF1AC8C278)
[LOG] SoundI::release                          :     Throw Weapon 5 (000001EF223BCBF8)
[LOG] SoundI::release                          :  (000001EF1AC8C108)
[LOG] SoundI::release                          :     Throw Weapon 2 (000001EF223BF978)
[LOG] SoundI::release                          :  (000001EF1AC8B588)
[LOG] SoundI::release                          :     sword-clash1 (000001EF223BE2B8)
[LOG] SoundI::release                          :  (000001EF1AC8B9D8)
[LOG] SoundI::release                          :     Throw Weapon 6 (000001EF223BE5F8)
[LOG] SoundI::release                          :  (000001EF751570F8)
[LOG] SoundI::release                          :     sword-slash1 (000001EF223BF638)
[LOG] SoundI::release                          :  (000001EF20E80DB8)
[LOG] SoundI::release                          :     jumpland (000001EF223BDDD8)
[LOG] SoundI::release                          :  (000001EF1AC8BE28)
[LOG] SoundI::release                          :     Negative alert x1 (000001EF3C14A848)
[LOG] SoundI::release                          :  (000001EF1AC8BF98)
[LOG] SoundI::release                          :     heart1 (000001EF3C147928)
[LOG] SoundI::release                          :  (000001EF1AC8BB48)
[LOG] SoundI::release                          :     342230__christopherderp__hurt-2-male (000001EF3C14BA28)
[LOG] SoundI::release                          :  (000001EF1AC8B6F8)
[LOG] SoundI::release                          :     342231__christopherderp__hurt-3-male (000001EF223BFB18)
[LOG] SoundI::release                          :  (000001EF1AC8B868)
[LOG] SoundI::release                          :     Player Hurt (000001EF223BFCB8)
[LOG] Thread::callback                         : FMOD Studio update thread finished.
[LOG] Thread::callback                         : FMOD Studio bank load thread finished.
[LOG] Profile::disconnectAll                   : Profiler disconnecting all clients
[LOG] Thread::callback                         : FMOD Studio sample load thread finished.
[LOG] LiveUpdate::release                      : 
[LOG] LiveUpdate::reset                        : Reset connection (reason Disconnected)
[LOG] Thread::callback                         : FMOD stream thread finished.
[LOG] Thread::callback                         : FMOD mixer thread finished.
[LOG] Profile::disconnectAll                   : Profiler disconnecting all clients
[LOG] SystemI::close                           : Closed.
[LOG] Manager::readBank                        : fileversion = 103, compatVersion = 99 (oldest = 44, newest = 103)
[LOG] Manager::readBank                        : fileversion = 103, compatVersion = 99 (oldest = 44, newest = 103)
[LOG] Manager::readBank                        : fileversion = 103, compatVersion = 99 (oldest = 44, newest = 103)
[LOG] Manager::readBank                        : fileversion = 103, compatVersion = 99 (oldest = 44, newest = 103)
[LOG] Manager::readBank                        : fileversion = 103, compatVersion = 99 (oldest = 44, newest = 103)
[LOG] Manager::readBank                        : fileversion = 103, compatVersion = 99 (oldest = 44, newest = 103)
[LOG] PlaybackSystem::acquireMasterBus         : Setting master channel group format to 6
[LOG] Thread::callback                         : FMOD Studio bank load thread finished.
[LOG] Thread::callback                         : FMOD Studio sample load thread finished.
[LOG] LiveUpdate::release                      : 
[LOG] LiveUpdate::reset                        : Reset connection (reason Disconnected)
[LOG] Thread::callback                         : FMOD stream thread finished.
[LOG] Thread::callback                         : FMOD mixer thread finished.
[LOG] SystemI::close                           : Closed.
